<?xml version="1.0" encoding="UTF-8"?>
<!-- Generated by org.testng.reporters.JUnitReportReporter -->
<testsuite hostname="ATMECSINDT-004" failures="0" tests="6" name="Dependencies.Dependencies.Dependency" time="0.028" errors="0" timestamp="9 Apr 2019 13:57:10 GMT">
  <testcase classname="Dependencies.Dependencies.Dependency" name="insert" time="0.004"/>
  <testcase classname="Dependencies.Dependencies.Dependency" name="update" time="0.003"/>
  <testcase classname="Dependencies.Dependencies.Dependency" name="init" time="0.014"/>
  <testcase classname="Dependencies.Dependencies.Dependency" name="cleanup" time="0.003"/>
  <testcase classname="Dependencies.Dependencies.Dependency" name="delete" time="0.002"/>
  <testcase classname="Dependencies.Dependencies.Dependency" name="select" time="0.002"/>
</testsuite> <!-- Dependencies.Dependencies.Dependency -->
