<?xml version="1.0" encoding="UTF-8"?>
<!-- Generated by org.testng.reporters.JUnitReportReporter -->
<testsuite hostname="ATMECSINDT-004" failures="0" tests="3" name="Dependencies.Dependencies.TestClassC" time="0.007" errors="0" timestamp="10 Apr 2019 10:48:29 GMT">
  <testcase classname="Dependencies.Dependencies.TestClassC" name="classC_testCase2" time="0.001"/>
  <testcase classname="Dependencies.Dependencies.TestClassC" name="classC_testCase1" time="0.003"/>
  <testcase classname="Dependencies.Dependencies.TestClassC" name="classC_testCase3" time="0.003"/>
</testsuite> <!-- Dependencies.Dependencies.TestClassC -->
