<?xml version="1.0" encoding="UTF-8"?>
<!-- Generated by org.testng.reporters.JUnitReportReporter -->
<testsuite hostname="ATMECSINDT-004" failures="0" tests="3" name="Dependencies.Dependencies.TestClassA" time="0.009" errors="0" timestamp="10 Apr 2019 10:48:29 GMT">
  <testcase classname="Dependencies.Dependencies.TestClassA" name="classA_testCase1" time="0.002"/>
  <testcase classname="Dependencies.Dependencies.TestClassA" name="classA_testCase2" time="0.005"/>
  <testcase classname="Dependencies.Dependencies.TestClassA" name="classA_testCase3" time="0.002"/>
</testsuite> <!-- Dependencies.Dependencies.TestClassA -->
