<?xml version="1.0" encoding="UTF-8"?>
<!-- Generated by org.testng.reporters.JUnitReportReporter -->
<testsuite hostname="ATMECSINDT-004" failures="0" tests="3" name="Dependencies.Dependencies.TestClassB" time="0.020" errors="0" timestamp="10 Apr 2019 10:48:29 GMT">
  <testcase classname="Dependencies.Dependencies.TestClassB" name="classB_testCase2" time="0.014"/>
  <testcase classname="Dependencies.Dependencies.TestClassB" name="classB_testCase1" time="0.001"/>
  <testcase classname="Dependencies.Dependencies.TestClassB" name="classB_testCase3" time="0.005"/>
</testsuite> <!-- Dependencies.Dependencies.TestClassB -->
